Aug 28 2018 17:57:02 [INFO] {twamp.c-51}: Start TWAMP Client
Aug 28 2018 17:57:02 [INFO] {twamp.c-84}: CONTROL socket connected
Aug 28 2018 17:57:02 [INFO] {twamp.c-110}: Server Greetings received
Aug 28 2018 17:57:02 [INFO] {twamp.c-119}: Preparing Setup Response message
Aug 28 2018 17:57:02 [INFO] {twamp.c-134}: Setup Response message sent
Aug 28 2018 17:57:02 [INFO] {twamp.c-150}: Server Start received
Aug 28 2018 17:57:02 [INFO] {twamp.c-168}: local address is 200.160.5.139
Aug 28 2018 17:57:02 [INFO] {twamp.c-186}: TEST socket connected
Aug 28 2018 17:57:02 [DEBUG] {twamp.c-187}: sin_addr: 218538184
Aug 28 2018 17:57:02 [DEBUG] {twamp.c-188}: sin_port: 862
Aug 28 2018 17:57:02 [INFO] {twamp.c-204}: PORT IPv4 60371
Aug 28 2018 17:57:02 [DEBUG] {twamp.c-245}: Session Port: 21000
Aug 28 2018 17:57:02 [DEBUG] {twamp.c-253}: Update Remote Port: 21000
Aug 28 2018 17:57:02 [DEBUG] {twamp.c-254}: Addr value: 218538184
Aug 28 2018 17:57:02 [DEBUG] {twamp.c-256}: fd_test before: 4
Aug 28 2018 17:57:02 [DEBUG] {twamp.c-265}: fd_test after: 4
Aug 28 2018 17:57:02 [INFO] {twamp.c-285}: Accept == 0. Start Test
Aug 28 2018 17:57:02 [DEBUG] {twamp.c-483}: [THREAD] twamp_callback_thread ended OK!
Aug 28 2018 17:57:02 [DEBUG] {twamp.c-298}: Total packet sent: 50 -- Total packets received: 50
Aug 28 2018 17:57:02 [INFO] {twamp.c-305}: TEST socket shutdown OK
Aug 28 2018 17:57:02 [INFO] {twamp.c-311}: TEST socket close OK
Aug 28 2018 17:57:02 [INFO] {twamp.c-318}: CONTROL socket shutdown OK
Aug 28 2018 17:57:02 [INFO] {twamp.c-324}: CONTROL socket close OK
TWAMP-CLIENT OK
